<?xml version="1.0" encoding="UTF-8"?>
<!-- Generated by org.testng.reporters.JUnitReportReporter -->
<testsuite hostname="HP-14dv2" failures="0" tests="1" name="com.SnapDeals.Tests.RegisterTest" time="19.717" errors="0" timestamp="2025-07-25T21:28:45 IST" skipped="0">
  <testcase classname="com.SnapDeals.Tests.RegisterTest" name="Register" time="19.717"/>
</testsuite> <!-- com.SnapDeals.Tests.RegisterTest -->
