<?xml version="1.0" encoding="UTF-8"?>
<!-- Generated by org.testng.reporters.JUnitReportReporter -->
<testsuite hostname="HP-14dv2" failures="0" tests="1" name="com.SnapDeals.Tests.LoginTest" time="49.471" errors="0" timestamp="2025-07-26T00:49:49 IST" skipped="0">
  <testcase classname="com.SnapDeals.Tests.LoginTest" name="loginToSnapdeal" time="49.471"/>
</testsuite> <!-- com.SnapDeals.Tests.LoginTest -->
