<?xml version="1.0" encoding="UTF-8"?>
<!-- Generated by org.testng.reporters.JUnitReportReporter -->
<testsuite hostname="HP-14dv2" failures="0" tests="6" name="com.SnapDeals.Tests.SearchTest" time="6.702" errors="0" timestamp="2025-07-31T23:49:33 IST" skipped="0">
  <testcase classname="com.SnapDeals.Tests.SearchTest" name="searchText" time="0.045"/>
  <testcase classname="com.SnapDeals.Tests.SearchTest" name="searchButton" time="0.313"/>
  <testcase classname="com.SnapDeals.Tests.SearchTest" name="search" time="2.119"/>
  <testcase classname="com.SnapDeals.Tests.SearchTest" name="sortBy" time="0.194"/>
  <testcase classname="com.SnapDeals.Tests.SearchTest" name="chooseItem" time="2.655"/>
  <testcase classname="com.SnapDeals.Tests.SearchTest" name="addItemToCart" time="1.376"/>
</testsuite> <!-- com.SnapDeals.Tests.SearchTest -->
