<?xml version="1.0" encoding="UTF-8"?>
<!-- Generated by org.testng.reporters.JUnitReportReporter -->
<testsuite hostname="HP-14dv2" failures="0" tests="6" name="com.SnapDeals.Tests.MenSelectionTest" time="55.216" errors="0" timestamp="2025-07-28T21:25:37 IST" skipped="0">
  <testcase classname="com.SnapDeals.Tests.MenSelectionTest" name="loginToSnapdeal" time="41.305"/>
  <testcase classname="com.SnapDeals.Tests.MenSelectionTest" name="menSelectionCheck" time="7.796"/>
  <testcase classname="com.SnapDeals.Tests.MenSelectionTest" name="menOnlyFilterCheck" time="0.197"/>
  <testcase classname="com.SnapDeals.Tests.MenSelectionTest" name="metalMaterialCheck" time="1.085"/>
  <testcase classname="com.SnapDeals.Tests.MenSelectionTest" name="itemSelectionCheck" time="3.371"/>
  <testcase classname="com.SnapDeals.Tests.MenSelectionTest" name="itemAddedToCartCheck" time="1.462"/>
</testsuite> <!-- com.SnapDeals.Tests.MenSelectionTest -->
