<?xml version="1.0" encoding="UTF-8"?>
<!-- Generated by org.testng.reporters.JUnitReportReporter -->
<testsuite hostname="HP-14dv2" failures="0" tests="4" name="com.SnapDeals.Tests.LoginTest" time="122.622" errors="0" timestamp="2025-07-26T22:16:28 IST" skipped="0">
  <testcase classname="com.SnapDeals.Tests.LoginTest" name="websiteCheck" time="15.116"/>
  <testcase classname="com.SnapDeals.Tests.LoginTest" name="loginPageCheck" time="29.694"/>
  <testcase classname="com.SnapDeals.Tests.LoginTest" name="FieldCheck" time="26.201"/>
  <testcase classname="com.SnapDeals.Tests.LoginTest" name="LoginCheck" time="51.611"/>
</testsuite> <!-- com.SnapDeals.Tests.LoginTest -->
