<?xml version="1.0" encoding="UTF-8"?>
<!-- Generated by org.testng.reporters.JUnitReportReporter -->
<testsuite hostname="HP-14dv2" failures="0" tests="6" name="com.SnapDeals.Tests.MenSelectionTest" time="53.284" errors="0" timestamp="2025-07-31T23:49:33 IST" skipped="0">
  <testcase classname="com.SnapDeals.Tests.MenSelectionTest" name="loginToSnapdeal" time="40.561"/>
  <testcase classname="com.SnapDeals.Tests.MenSelectionTest" name="menSelectionCheck" time="6.712"/>
  <testcase classname="com.SnapDeals.Tests.MenSelectionTest" name="zipFilterCheck" time="0.704"/>
  <testcase classname="com.SnapDeals.Tests.MenSelectionTest" name="selectDiscountCheck" time="0.993"/>
  <testcase classname="com.SnapDeals.Tests.MenSelectionTest" name="itemSelectionCheck" time="2.932"/>
  <testcase classname="com.SnapDeals.Tests.MenSelectionTest" name="itemAddedToCartCheck" time="1.382"/>
</testsuite> <!-- com.SnapDeals.Tests.MenSelectionTest -->
