<?xml version="1.0" encoding="UTF-8"?>
<!-- Generated by org.testng.reporters.JUnitReportReporter -->
<<<<<<< HEAD
<testsuite hostname="HP-14dv2" failures="0" tests="4" name="com.SnapDeals.Tests.LoginTest" time="39.078" errors="0" timestamp="2025-07-28T21:25:37 IST" skipped="0">
  <testcase classname="com.SnapDeals.Tests.LoginTest" name="websiteCheck" time="0.088"/>
  <testcase classname="com.SnapDeals.Tests.LoginTest" name="loginPageCheck" time="1.317"/>
  <testcase classname="com.SnapDeals.Tests.LoginTest" name="FieldCheck" time="0.055"/>
  <testcase classname="com.SnapDeals.Tests.LoginTest" name="LoginCheck" time="37.618"/>
=======
<testsuite hostname="HP-14dv2" failures="0" tests="4" name="com.SnapDeals.Tests.LoginTest" time="38.377" errors="0" timestamp="2025-07-31T22:06:22 IST" skipped="0">
  <testcase classname="com.SnapDeals.Tests.LoginTest" name="websiteCheck" time="0.064"/>
  <testcase classname="com.SnapDeals.Tests.LoginTest" name="loginPageCheck" time="0.993"/>
  <testcase classname="com.SnapDeals.Tests.LoginTest" name="FieldCheck" time="0.049"/>
  <testcase classname="com.SnapDeals.Tests.LoginTest" name="LoginCheck" time="37.271"/>
>>>>>>> 59de8ca (Final Push)
</testsuite> <!-- com.SnapDeals.Tests.LoginTest -->
