<?xml version="1.0" encoding="UTF-8"?>
<!-- Generated by org.testng.reporters.JUnitReportReporter -->
<testsuite hostname="HP-14dv2" failures="0" tests="1" name="com.SnapDeals.Tests.MenSelectionTest" time="26.870" errors="0" timestamp="2025-07-26T19:51:51 IST" skipped="0">
  <testcase classname="com.SnapDeals.Tests.MenSelectionTest" name="testHoverAndClickShoes" time="26.870"/>
</testsuite> <!-- com.SnapDeals.Tests.MenSelectionTest -->
