<?xml version="1.0" encoding="UTF-8"?>
<!-- Generated by org.testng.reporters.JUnitReportReporter -->
<testsuite hostname="HP-14dv2" failures="0" tests="6" name="com.SnapDeals.Tests.SearchTest" time="8.150" errors="0" timestamp="2025-07-31T22:06:22 IST" skipped="0">
  <testcase classname="com.SnapDeals.Tests.SearchTest" name="searchText" time="0.051"/>
  <testcase classname="com.SnapDeals.Tests.SearchTest" name="searchButton" time="0.264"/>
  <testcase classname="com.SnapDeals.Tests.SearchTest" name="search" time="2.825"/>
  <testcase classname="com.SnapDeals.Tests.SearchTest" name="sortBy" time="0.170"/>
  <testcase classname="com.SnapDeals.Tests.SearchTest" name="chooseItem" time="3.600"/>
  <testcase classname="com.SnapDeals.Tests.SearchTest" name="addItemToCart" time="1.240"/>
</testsuite> <!-- com.SnapDeals.Tests.SearchTest -->
