<?xml version="1.0" encoding="UTF-8"?>
<!-- Generated by org.testng.reporters.JUnitReportReporter -->
<testsuite hostname="HP-14dv2" failures="0" tests="4" name="com.SnapDeals.Tests.LoginTest" time="39.078" errors="0" timestamp="2025-07-28T21:25:37 IST" skipped="0">
  <testcase classname="com.SnapDeals.Tests.LoginTest" name="websiteCheck" time="0.088"/>
  <testcase classname="com.SnapDeals.Tests.LoginTest" name="loginPageCheck" time="1.317"/>
  <testcase classname="com.SnapDeals.Tests.LoginTest" name="FieldCheck" time="0.055"/>
  <testcase classname="com.SnapDeals.Tests.LoginTest" name="LoginCheck" time="37.618"/>
</testsuite> <!-- com.SnapDeals.Tests.LoginTest -->
