<?xml version="1.0" encoding="UTF-8"?>
<!-- Generated by org.testng.reporters.JUnitReportReporter -->
<<<<<<< HEAD
<testsuite hostname="HP-14dv2" failures="0" tests="6" name="com.SnapDeals.Tests.MenSelectionTest" time="55.216" errors="0" timestamp="2025-07-28T21:25:37 IST" skipped="0">
  <testcase classname="com.SnapDeals.Tests.MenSelectionTest" name="loginToSnapdeal" time="41.305"/>
  <testcase classname="com.SnapDeals.Tests.MenSelectionTest" name="menSelectionCheck" time="7.796"/>
  <testcase classname="com.SnapDeals.Tests.MenSelectionTest" name="menOnlyFilterCheck" time="0.197"/>
  <testcase classname="com.SnapDeals.Tests.MenSelectionTest" name="metalMaterialCheck" time="1.085"/>
  <testcase classname="com.SnapDeals.Tests.MenSelectionTest" name="itemSelectionCheck" time="3.371"/>
  <testcase classname="com.SnapDeals.Tests.MenSelectionTest" name="itemAddedToCartCheck" time="1.462"/>
=======
<testsuite hostname="HP-14dv2" failures="0" tests="6" name="com.SnapDeals.Tests.MenSelectionTest" time="54.847" errors="0" timestamp="2025-07-31T22:06:22 IST" skipped="0">
  <testcase classname="com.SnapDeals.Tests.MenSelectionTest" name="loginToSnapdeal" time="40.636"/>
  <testcase classname="com.SnapDeals.Tests.MenSelectionTest" name="menSelectionCheck" time="7.102"/>
  <testcase classname="com.SnapDeals.Tests.MenSelectionTest" name="zipFilterCheck" time="1.261"/>
  <testcase classname="com.SnapDeals.Tests.MenSelectionTest" name="selectDiscountCheck" time="1.004"/>
  <testcase classname="com.SnapDeals.Tests.MenSelectionTest" name="itemSelectionCheck" time="3.249"/>
  <testcase classname="com.SnapDeals.Tests.MenSelectionTest" name="itemAddedToCartCheck" time="1.595"/>
>>>>>>> 59de8ca (Final Push)
</testsuite> <!-- com.SnapDeals.Tests.MenSelectionTest -->
