<?xml version="1.0" encoding="UTF-8"?>
<!-- Generated by org.testng.reporters.JUnitReportReporter -->
<testsuite hostname="HP-14dv2" failures="0" tests="4" name="com.SnapDeals.Tests.LoginTest" time="38.340" errors="0" timestamp="2025-07-31T23:49:33 IST" skipped="0">
  <testcase classname="com.SnapDeals.Tests.LoginTest" name="websiteCheck" time="0.082"/>
  <testcase classname="com.SnapDeals.Tests.LoginTest" name="loginPageCheck" time="1.087"/>
  <testcase classname="com.SnapDeals.Tests.LoginTest" name="FieldCheck" time="0.069"/>
  <testcase classname="com.SnapDeals.Tests.LoginTest" name="LoginCheck" time="37.102"/>
</testsuite> <!-- com.SnapDeals.Tests.LoginTest -->
